********************************************************************************
DUPLICATOR-LITE PACKAGE-LOG: 29 May 2020 12 h 36 min
NOTICE: Do NOT post to public sites or forums 
********************************************************************************
VERSION:	1.3.34
WORDPRESS:	5.4.1
PHP INFO:	7.4.3 | SAPI: apache2handler
SERVER:		Apache/2.4.41 (Ubuntu) 
PHP TIME LIMIT: (0) no time limit imposed 
PHP MAX MEMORY: 4294967296 (128M default) 
MEMORY STACK: 14MB

********************************************************************************
DATABASE:
********************************************************************************
BUILD MODE:   MYSQLDUMP
MYSQLTIMEOUT: 5000
MYSQLDUMP:    Is Supported
SQL CREATED: 20200529_hyperslide_f4fdedc1caa2ec1a3745_20200529123632_database.sql
SQL FILE SIZE: 1.97MB (2069018)
SQL FILE TIME: 2020-05-29 12:36:44
SQL RUNTIME: 1.81 sec.

********************************************************************************
ARCHIVE (ZIP):
********************************************************************************
ARCHIVE DIR:  /home/lmam016/www/creation2
ARCHIVE FILE: 20200529_hyperslide_f4fdedc1caa2ec1a3745_20200529123632_archive.zip
FILTERS: *OFF*
DIRS:
	not set
FILES:
	not set
EXTS:  not set
----------------------------------------
COMPRESSING
SIZE:	147.93MB
STATS:	Dirs 1,015 | Files 7,092
SQL ADDED: 20200529_hyperslide_f4fdedc1caa2ec1a3745_20200529123632_database.sql
ZipArchive Object
(
    [status] => 0
    [statusSys] => 0
    [numFiles] => 8107
    [filename] => /home/lmam016/www/creation2/wp-snapshots/tmp/20200529_hyperslide_f4fdedc1caa2ec1a3745_20200529123632_archive.zip
    [comment] => 
)

FILE ADDED TO ZIP: 8106
COMPRESSION RESULT: '1'
COMPRESSED SIZE: 65.03MB
ARCHIVE RUNTIME: 26.57 sec.
MEMORY STACK: 16MB
building installer
add_extra_files1
add_extra_files2
add_extra_files3
add_extra_files4
Doing archive file check
add_extra_files5
add_extra_files6
add_extra_files8
Successfully opened zip /home/lmam016/www/creation2/wp-snapshots/tmp/20200529_hyperslide_f4fdedc1caa2ec1a3745_20200529123632_archive.zip
Adding enhanced installer files to archive using ZipArchive
Installer files added to archive
Added to archive
After ziparchive close when adding installer

********************************************************************************
INTEGRITY CHECKS:
********************************************************************************
SQL FILE: 1.97MB
INSTALLER FILE: 61.32KB
ARCHIVE FILE: 66.55MB 
COMPTE ATTENDU DE FICHIERS/RÉPERTOIRES : 8,107
COMPTE ACTUEL DE FICHIERS/RÉPERTOIRES : 8,106
TEST DE COHÉRENCE D’ARCHIVE : Bon

********************************************************************************
RECORD ID:[3]
TOTAL PROCESS RUNTIME: 30.95 sec.
PEAK PHP MEMORY USED: 16MB
DONE PROCESSING => 20200529_hyperslide 29 May 2020 12 h 37 min

