********************************************************************************
DUPLICATOR-LITE PACKAGE-LOG: 29 May 2020 10 h 25 min
NOTICE: Do NOT post to public sites or forums 
********************************************************************************
VERSION:	1.3.34
WORDPRESS:	5.4.1
PHP INFO:	7.4.3 | SAPI: apache2handler
SERVER:		Apache/2.4.41 (Ubuntu) 
PHP TIME LIMIT: (0) no time limit imposed 
PHP MAX MEMORY: 4294967296 (128M default) 
MEMORY STACK: 8MB

********************************************************************************
DATABASE:
********************************************************************************
BUILD MODE:   MYSQLDUMP
MYSQLTIMEOUT: 5000
MYSQLDUMP:    Is Supported
SQL CREATED: 20200529_hyperslide_c3e57a8d9ba060db4774_20200529102411_database.sql
SQL FILE SIZE: 1.96MB (2054780)
SQL FILE TIME: 2020-05-29 10:25:12
SQL RUNTIME: 1.90 sec.

********************************************************************************
ARCHIVE (ZIP):
********************************************************************************
ARCHIVE DIR:  /home/lmam016/www/creation2
ARCHIVE FILE: 20200529_hyperslide_c3e57a8d9ba060db4774_20200529102411_archive.zip
FILTERS: *OFF*
DIRS:
	not set
FILES:
	not set
EXTS:  not set
----------------------------------------
COMPRESSING
SIZE:	147.94MB
STATS:	Dirs 1,015 | Files 7,094
SQL ADDED: 20200529_hyperslide_c3e57a8d9ba060db4774_20200529102411_database.sql
ZipArchive Object
(
    [status] => 0
    [statusSys] => 0
    [numFiles] => 8109
    [filename] => /home/lmam016/www/creation2/wp-snapshots/tmp/20200529_hyperslide_c3e57a8d9ba060db4774_20200529102411_archive.zip
    [comment] => 
)

FILE ADDED TO ZIP: 8108
COMPRESSION RESULT: '1'
COMPRESSED SIZE: 65.03MB
ARCHIVE RUNTIME: 30.70 sec.
MEMORY STACK: 10MB
building installer
add_extra_files1
add_extra_files2
add_extra_files3
add_extra_files4
Doing archive file check
add_extra_files5
add_extra_files6
add_extra_files8
Successfully opened zip /home/lmam016/www/creation2/wp-snapshots/tmp/20200529_hyperslide_c3e57a8d9ba060db4774_20200529102411_archive.zip
Adding enhanced installer files to archive using ZipArchive
Installer files added to archive
Added to archive
After ziparchive close when adding installer

********************************************************************************
INTEGRITY CHECKS:
********************************************************************************
SQL FILE: 1.96MB
INSTALLER FILE: 61.32KB
ARCHIVE FILE: 66.55MB 
COMPTE ATTENDU DE FICHIERS/RÉPERTOIRES : 8,109
COMPTE ACTUEL DE FICHIERS/RÉPERTOIRES : 8,108
TEST DE COHÉRENCE D’ARCHIVE : Bon

********************************************************************************
RECORD ID:[1]
TOTAL PROCESS RUNTIME: 36.53 sec.
PEAK PHP MEMORY USED: 10MB
DONE PROCESSING => 20200529_hyperslide 29 May 2020 10 h 25 min

